1539744146981:add 1 3
1539744155962:add 6 7
1539744285413:help
1539744362339:sum 1 3
1539744367050:sum 7 8
1539744377458:exit
1539744408056:help
1539744413592:clear
1539744423531:sum 3 4
1539744428282:sum 9 8
1539744431728:exit
1539744730803:help
1539744750817:echo a b -t jinghe
1539744801657:echo 1 --t 4 3
1539744817561:echo 1 -t 3 4
1539744840944:help sum
1539744848808:help echo
1539744861736:clear
1539744864081:quit
1539745540148:help
1539745546559:help echo
1539745555399:help sum
1539745558172:quit
1539745595459:help
1539745602060:help echo
1539745604811:help sum
1539745616949:sum --a 4 --b 5
1539745621027:exit
1539745682499:cls
1539745686237:clear
1539745691530:help
1539745693686:clear
1539745699825:help
1539745704172:help sum
1539745710573:help echo
1539745714177:quit
1539766322571:help
1539766327072:sum 2 3
1539766329472:quit
1541033816553:help
1541033828184:sum 1 2
1541033862170:echo --help
1541033869527:help
1541033875916:help echo
1541033943471:ehco 1 2 4
1541033951130:echo 1 2 3
1541050787530:help
